<?xml version="1.0" encoding="UTF-8"?>
<!-- Generated by org.testng.reporters.JUnitReportReporter -->
<testsuite skipped="0" hostname="WABELHLP0657890" name="testCases.HybridExecuteTest" tests="7" failures="0" timestamp="10 Jan 2018 07:26:44 GMT" time="8.381" errors="0">
  <testcase name="testLogin" time="0.730" classname="testCases.HybridExecuteTest"/>
  <testcase name="GetBrowserName" time="0.005" classname="testCases.HybridExecuteTest"/>
  <testcase name="testLogin" time="1.684" classname="testCases.HybridExecuteTest"/>
  <testcase name="testLogin" time="1.513" classname="testCases.HybridExecuteTest"/>
  <testcase name="testLogin" time="0.097" classname="testCases.HybridExecuteTest"/>
  <testcase name="testLogin" time="0.120" classname="testCases.HybridExecuteTest"/>
  <testcase name="testLogin" time="4.232" classname="testCases.HybridExecuteTest"/>
</testsuite> <!-- testCases.HybridExecuteTest -->
